# Uptime Monitor Log


---
[2025-06-13T15:38:38+02:00] https://httpstat.us/200 → Status: 200, Response: 0.169s
[2025-06-13T15:38:38+02:00] https://httpstat.us/404 → Status: 404, Response: 0.124s
[2025-06-13T15:38:38+02:00] https://httpstat.us/500 → Status: 500, Response: 0.182s
[2025-06-13T15:38:38+02:00] https://httpstat.us/200?sleep=5000 → Status: 200, Response: 5.188s
[2025-06-13T15:38:38+02:00] https://httpstat.us/200?sleep=16000 → Status: 0, Response: 15.003s, Error: Timeout

---
[2025-06-13T15:41:47+02:00] https://httpstat.us/200 → Status: 200, Response: 0.170s
[2025-06-13T15:41:47+02:00] https://httpstat.us/404 → Status: 404, Response: 0.129s
[2025-06-13T15:41:47+02:00] https://httpstat.us/500 → Status: 500, Response: 0.198s
[2025-06-13T15:41:47+02:00] https://httpstat.us/200?sleep=5000 → Status: 200, Response: 5.190s
[2025-06-13T15:41:47+02:00] https://httpstat.us/200?sleep=16000 → Status: 0, Response: 15.003s, Error: Timeout

---
[2025-06-13T15:46:39+02:00] https://httpstat.us/200 → Status: 200, Response: 0.289s
[2025-06-13T15:46:39+02:00] https://httpstat.us/404 → Status: 404, Response: 0.267s
[2025-06-13T15:46:39+02:00] https://httpstat.us/500 → Status: 500, Response: 0.343s
[2025-06-13T15:46:39+02:00] https://httpstat.us/200?sleep=5000 → Status: 200, Response: 5.350s
[2025-06-13T15:46:39+02:00] https://httpstat.us/200?sleep=16000 → Status: 0, Response: 15.002s, Error: Timeout

---
[2025-06-13T22:22:23+02:00] https://httpstat.us/200 → Status: 200, Response: 0.141s
[2025-06-13T22:22:23+02:00] https://httpstat.us/404 → Status: 404, Response: 0.099s
[2025-06-13T22:22:23+02:00] https://httpstat.us/500 → Status: 500, Response: 0.123s
[2025-06-13T22:22:23+02:00] https://httpstat.us/200?sleep=5000 → Status: 200, Response: 5.120s
[2025-06-13T22:22:23+02:00] https://httpstat.us/200?sleep=16000 → Status: 0, Response: 15.002s, Error: Timeout

---
[2025-06-16T01:55:37+02:00] https://httpstat.us/200 → Status: 200, Response: 0.332s
[2025-06-16T01:55:37+02:00] https://httpstat.us/404 → Status: 404, Response: 0.288s
[2025-06-16T01:55:37+02:00] https://httpstat.us/500 → Status: 500, Response: 0.376s
[2025-06-16T01:55:37+02:00] https://httpstat.us/200?sleep=5000 → Status: 200, Response: 5.369s
[2025-06-16T01:55:37+02:00] https://httpstat.us/200?sleep=16000 → Status: 0, Response: 15.003s, Error: Timeout
